<?xml version="1.0" encoding="UTF-8"?>
<testng-results ignored="0" total="1" passed="1" failed="0" skipped="0">
  <reporter-output>
  </reporter-output>
  <suite started-at="2021-06-05T10:13:19 IST" name="crossbrowser" finished-at="2021-06-05T10:15:11 IST" duration-ms="112105">
    <groups>
      <group name="Sanity">
        <method signature="AccountCreationPageTest.createAccount(java.util.HashMap)[pri:1, instance:com.mystore.testCases.AccountCreationPageTest@1de5f259]" name="createAccount" class="com.mystore.testCases.AccountCreationPageTest"/>
      </group> <!-- Sanity -->
    </groups>
    <test started-at="2021-06-05T10:13:19 IST" name="chromeTest" finished-at="2021-06-05T10:15:11 IST" duration-ms="112105">
      <class name="com.mystore.testCases.AccountCreationPageTest">
        <test-method is-config="true" signature="loadConfig()[pri:0, instance:com.mystore.testCases.AccountCreationPageTest@1de5f259]" started-at="2021-06-05T10:13:19 IST" name="loadConfig" finished-at="2021-06-05T10:13:19 IST" duration-ms="561" status="PASS">
          <reporter-output>
          </reporter-output>
        </test-method> <!-- loadConfig -->
        <test-method is-config="true" signature="setUp(java.lang.String)[pri:0, instance:com.mystore.testCases.AccountCreationPageTest@1de5f259]" started-at="2021-06-05T10:13:22 IST" name="setUp" finished-at="2021-06-05T10:14:14 IST" duration-ms="52559" status="PASS">
          <params>
            <param index="0">
              <value>
                <![CDATA[chrome]]>
              </value>
            </param>
          </params>
          <reporter-output>
          </reporter-output>
        </test-method> <!-- setUp -->
        <test-method signature="createAccount(java.util.HashMap)[pri:1, instance:com.mystore.testCases.AccountCreationPageTest@1de5f259]" started-at="2021-06-05T10:14:14 IST" name="createAccount" data-provider="getCreateAccountDetails" finished-at="2021-06-05T10:15:09 IST" duration-ms="55188" status="PASS">
          <params>
            <param index="0">
              <value>
                <![CDATA[{Company=Zensar, Email=vivekjj01@gmail.com, Address=Main plaza, FirstName=Vivek, PostalCode=41205, Gender=Mr., City=Columbia, Mobile=9856723489, Month=1, Year=1990, State=Florida, Country=United States, LastName=Janakiram, Day=8, Password=Vivek@1990}]]>
              </value>
            </param>
          </params>
          <reporter-output>
          </reporter-output>
        </test-method> <!-- createAccount -->
        <test-method is-config="true" signature="tearDown()[pri:0, instance:com.mystore.testCases.AccountCreationPageTest@1de5f259]" started-at="2021-06-05T10:15:09 IST" name="tearDown" finished-at="2021-06-05T10:15:11 IST" duration-ms="1722" status="PASS">
          <reporter-output>
          </reporter-output>
        </test-method> <!-- tearDown -->
        <test-method is-config="true" signature="afterSuite()[pri:0, instance:com.mystore.testCases.AccountCreationPageTest@1de5f259]" started-at="2021-06-05T10:15:11 IST" name="afterSuite" finished-at="2021-06-05T10:15:14 IST" duration-ms="3080" status="PASS">
          <reporter-output>
          </reporter-output>
        </test-method> <!-- afterSuite -->
      </class> <!-- com.mystore.testCases.AccountCreationPageTest -->
    </test> <!-- chromeTest -->
  </suite> <!-- crossbrowser -->
</testng-results>
